#
# There is insufficient memory for the Java Runtime Environment to continue.
# Native memory allocation (mmap) failed to map 268435456 bytes for G1 virtual space
# Possible reasons:
#   The system is out of physical RAM or swap space
#   The process is running with CompressedOops enabled, and the Java Heap may be blocking the growth of the native heap
# Possible solutions:
#   Reduce memory load on the system
#   Increase physical memory or swap space
#   Check if swap backing store is full
#   Decrease Java heap size (-Xmx/-Xms)
#   Decrease number of Java threads
#   Decrease Java thread stack sizes (-Xss)
#   Set larger code cache with -XX:ReservedCodeCacheSize=
#   JVM is running with Zero Based Compressed Oops mode in which the Java heap is
#     placed in the first 32GB address space. The Java Heap base address is the
#     maximum limit for the native heap growth. Please use -XX:HeapBaseMinAddress
#     to set the Java Heap base and to place the Java Heap above 32GB virtual address.
# This output file may be truncated or incomplete.
#
#  Out of Memory Error (./open/src/hotspot/os/windows/os_windows.cpp:3472), pid=33728, tid=40924
#
# JRE version:  (15.0.1+9) (build )
# Java VM: OpenJDK 64-Bit Server VM (15.0.1+9-18, mixed mode, sharing, tiered, compressed oops, g1 gc, windows-amd64)
# No core dump will be written. Minidumps are not enabled by default on client versions of Windows
#

---------------  S U M M A R Y ------------

Command Line: -Dfile.encoding=Cp1252 -XX:+ShowCodeDetailsInExceptionMessages main.Main

Host: AMD Ryzen 5 2600 Six-Core Processor            , 12 cores, 15G,  Windows 10 , 64 bit Build 19041 (10.0.19041.804)
Time: Tue Mar 16 17:14:29 2021 Eastern Daylight Time elapsed time: 0.010251 seconds (0d 0h 0m 0s)

---------------  T H R E A D  ---------------

Current thread (0x000001671b4013a0):  JavaThread "Unknown thread" [_thread_in_vm, id=40924, stack(0x000000528d800000,0x000000528d900000)]

Stack: [0x000000528d800000,0x000000528d900000]
Native frames: (J=compiled Java code, j=interpreted, Vv=VM code, C=native code)
V  [jvm.dll+0x62ae9a]
V  [jvm.dll+0x781389]
V  [jvm.dll+0x782ae3]
V  [jvm.dll+0x783143]
V  [jvm.dll+0x216265]
V  [jvm.dll+0x6281d9]
V  [jvm.dll+0x61cd15]
V  [jvm.dll+0x2d01fd]
V  [jvm.dll+0x2d0062]
V  [jvm.dll+0x2d603c]
V  [jvm.dll+0x325b2a]
V  [jvm.dll+0x3251f4]
V  [jvm.dll+0x2a717a]
V  [jvm.dll+0x2a8318]
V  [jvm.dll+0x75e101]
V  [jvm.dll+0x3343e4]
V  [jvm.dll+0x73e826]
V  [jvm.dll+0x3b7777]
V  [jvm.dll+0x3b9201]
C  [jli.dll+0x52fb]
C  [ucrtbase.dll+0x21bb2]
C  [KERNEL32.DLL+0x17034]
C  [ntdll.dll+0x52651]


---------------  P R O C E S S  ---------------

Threads class SMR info:
_java_thread_list=0x00007ffec64a4ff0, length=0, elements={
}

Java Threads: ( => current thread )

Other Threads:
  0x000001671b4515f0 GCTaskThread "GC Thread#0" [stack: 0x000000528d900000,0x000000528da00000] [id=34760]
  0x000001671b4637d0 ConcurrentGCThread "G1 Main Marker" [stack: 0x000000528da00000,0x000000528db00000] [id=11456]
  0x000001671b465b70 ConcurrentGCThread "G1 Conc#0" [stack: 0x000000528db00000,0x000000528dc00000] [id=1996]

[error occurred during error reporting (printing all threads), id 0xc0000005, EXCEPTION_ACCESS_VIOLATION (0xc0000005) at pc=0x00007ffec5c98047]

VM state: not at safepoint (not fully initialized)

VM Mutex/Monitor currently owned by a thread:  ([mutex/lock_event])
[0x000001671b3fbaf0] Heap_lock - owner thread: 0x000001671b4013a0

Heap address: 0x0000000701000000, size: 4080 MB, Compressed Oops mode: Zero based, Oop shift amount: 3
CDS archive(s) mapped at: [0x0000000000000000-0x0000000000000000-0x0000000000000000), size 0, SharedBaseAddress: 0x0000000800000000, ArchiveRelocationMode: 0.
Narrow klass base: 0x0000000000000000, Narrow klass shift: 0, Narrow klass range: 0x0

Heap:
 garbage-first heap   total 262144K, used 0K [0x0000000701000000, 0x0000000800000000)
  region size 2048K, 0 young (0K), 0 survivors (0K)
 Metaspace       used 0K, capacity 0K, committed 0K, reserved 0K
  class space    used 0K, capacity 0K, committed 0K, reserved 0K

Heap Regions: E=young(eden), S=young(survivor), O=old, HS=humongous(starts), HC=humongous(continues), CS=collection set, F=free, OA=open archive, CA=closed archive, TAMS=top-at-mark-start (previous, next)

Card table byte_map: [0x000001672eb70000,0x000001672f370000] _byte_map_base: 0x000001672b368000

Marking Bits (Prev, Next): (CMBitMap*) 0x000001671b452e70, (CMBitMap*) 0x000001671b452eb0
 Prev Bits: [0x000001672fb70000, 0x0000016733b30000)
 Next Bits: [0x0000016733b30000, 0x0000016737af0000)

GC Heap History (0 events):
No events

Deoptimization events (0 events):
No events

Classes unloaded (0 events):
No events

Classes redefined (0 events):
No events

Internal exceptions (0 events):
No events

Events (1 events):
Event: 0.005 Loaded shared library C:\Users\Dustin\.p2\pool\plugins\org.eclipse.justj.openjdk.hotspot.jre.full.win32.x86_64_15.0.1.v20201027-0507\jre\bin\java.dll


Dynamic libraries:
0x00007ff7ab340000 - 0x00007ff7ab34d000 	C:\Users\Dustin\.p2\pool\plugins\org.eclipse.justj.openjdk.hotspot.jre.full.win32.x86_64_15.0.1.v20201027-0507\jre\bin\javaw.exe
0x00007fff09150000 - 0x00007fff09345000 	C:\WINDOWS\SYSTEM32\ntdll.dll
0x00007fff07640000 - 0x00007fff076fd000 	C:\WINDOWS\System32\KERNEL32.DLL
0x00007fff068e0000 - 0x00007fff06ba9000 	C:\WINDOWS\System32\KERNELBASE.dll
0x00007fff07080000 - 0x00007fff07180000 	C:\WINDOWS\System32\ucrtbase.dll
0x00007ffef9ba0000 - 0x00007ffef9bb8000 	C:\Users\Dustin\.p2\pool\plugins\org.eclipse.justj.openjdk.hotspot.jre.full.win32.x86_64_15.0.1.v20201027-0507\jre\bin\jli.dll
0x00007ffef9bc0000 - 0x00007ffef9bd9000 	C:\Users\Dustin\.p2\pool\plugins\org.eclipse.justj.openjdk.hotspot.jre.full.win32.x86_64_15.0.1.v20201027-0507\jre\bin\VCRUNTIME140.dll
0x00007fff08ec0000 - 0x00007fff09060000 	C:\WINDOWS\System32\USER32.dll
0x00007fff06d60000 - 0x00007fff06d82000 	C:\WINDOWS\System32\win32u.dll
0x00007ffef2c60000 - 0x00007ffef2efa000 	C:\WINDOWS\WinSxS\amd64_microsoft.windows.common-controls_6595b64144ccf1df_6.0.19041.844_none_ca00b6081b84eb1d\COMCTL32.dll
0x00007fff08730000 - 0x00007fff0875a000 	C:\WINDOWS\System32\GDI32.dll
0x00007fff07700000 - 0x00007fff0779e000 	C:\WINDOWS\System32\msvcrt.dll
0x00007fff06bb0000 - 0x00007fff06cbb000 	C:\WINDOWS\System32\gdi32full.dll
0x00007fff06cc0000 - 0x00007fff06d5d000 	C:\WINDOWS\System32\msvcp_win.dll
0x00007fff08970000 - 0x00007fff089a0000 	C:\WINDOWS\System32\IMM32.DLL
0x00007fff00160000 - 0x00007fff0016c000 	C:\Users\Dustin\.p2\pool\plugins\org.eclipse.justj.openjdk.hotspot.jre.full.win32.x86_64_15.0.1.v20201027-0507\jre\bin\vcruntime140_1.dll
0x00007ffede0d0000 - 0x00007ffede161000 	C:\Users\Dustin\.p2\pool\plugins\org.eclipse.justj.openjdk.hotspot.jre.full.win32.x86_64_15.0.1.v20201027-0507\jre\bin\msvcp140.dll
0x00007ffec59e0000 - 0x00007ffec653e000 	C:\Users\Dustin\.p2\pool\plugins\org.eclipse.justj.openjdk.hotspot.jre.full.win32.x86_64_15.0.1.v20201027-0507\jre\bin\server\jvm.dll
0x00007fff07930000 - 0x00007fff079dc000 	C:\WINDOWS\System32\ADVAPI32.dll
0x00007fff07ab0000 - 0x00007fff07b4c000 	C:\WINDOWS\System32\sechost.dll
0x00007fff077a0000 - 0x00007fff078cb000 	C:\WINDOWS\System32\RPCRT4.dll
0x00007fff07f50000 - 0x00007fff07f58000 	C:\WINDOWS\System32\PSAPI.DLL
0x00007ffefdfd0000 - 0x00007ffefdfda000 	C:\WINDOWS\SYSTEM32\VERSION.dll
0x00007ffeeea50000 - 0x00007ffeeea59000 	C:\WINDOWS\SYSTEM32\WSOCK32.dll
0x00007ffefc480000 - 0x00007ffefc4a7000 	C:\WINDOWS\SYSTEM32\WINMM.dll
0x00007fff079e0000 - 0x00007fff07a4b000 	C:\WINDOWS\System32\WS2_32.dll
0x00007fff046f0000 - 0x00007fff04702000 	C:\WINDOWS\SYSTEM32\kernel.appcore.dll
0x00007fff025e0000 - 0x00007fff025ea000 	C:\Users\Dustin\.p2\pool\plugins\org.eclipse.justj.openjdk.hotspot.jre.full.win32.x86_64_15.0.1.v20201027-0507\jre\bin\jimage.dll
0x00007ffeef750000 - 0x00007ffeef934000 	C:\WINDOWS\SYSTEM32\DBGHELP.DLL
0x00007ffeef6b0000 - 0x00007ffeef6dc000 	C:\WINDOWS\SYSTEM32\dbgcore.DLL
0x00007fff06df0000 - 0x00007fff06e70000 	C:\WINDOWS\System32\bcryptPrimitives.dll
0x00007fff00600000 - 0x00007fff00625000 	C:\Users\Dustin\.p2\pool\plugins\org.eclipse.justj.openjdk.hotspot.jre.full.win32.x86_64_15.0.1.v20201027-0507\jre\bin\java.dll

dbghelp: loaded successfully - version: 4.0.5 - missing functions: none
symbol engine: initialized successfully - sym options: 0x614 - pdb path: .;C:\Users\Dustin\.p2\pool\plugins\org.eclipse.justj.openjdk.hotspot.jre.full.win32.x86_64_15.0.1.v20201027-0507\jre\bin;C:\WINDOWS\SYSTEM32;C:\WINDOWS\WinSxS\amd64_microsoft.windows.common-controls_6595b64144ccf1df_6.0.19041.844_none_ca00b6081b84eb1d;C:\Users\Dustin\.p2\pool\plugins\org.eclipse.justj.openjdk.hotspot.jre.full.win32.x86_64_15.0.1.v20201027-0507\jre\bin\server

VM Arguments:
jvm_args: -Dfile.encoding=Cp1252 -XX:+ShowCodeDetailsInExceptionMessages 
java_command: main.Main
java_class_path (initial): C:\Users\Dustin\repos\HAA\HAA\FrontEnd\bin
Launcher Type: SUN_STANDARD

[Global flags]
     intx CICompilerCount                          = 4                                         {product} {ergonomic}
     uint ConcGCThreads                            = 3                                         {product} {ergonomic}
     uint G1ConcRefinementThreads                  = 10                                        {product} {ergonomic}
   size_t G1HeapRegionSize                         = 2097152                                   {product} {ergonomic}
    uintx GCDrainStackTargetSize                   = 64                                        {product} {ergonomic}
   size_t InitialHeapSize                          = 268435456                                 {product} {ergonomic}
   size_t MarkStackSize                            = 4194304                                   {product} {ergonomic}
   size_t MaxHeapSize                              = 4278190080                                {product} {ergonomic}
   size_t MinHeapDeltaBytes                        = 2097152                                   {product} {ergonomic}
   size_t MinHeapSize                              = 8388608                                   {product} {ergonomic}
    uintx NonNMethodCodeHeapSize                   = 5839372                                {pd product} {ergonomic}
    uintx NonProfiledCodeHeapSize                  = 122909434                              {pd product} {ergonomic}
    uintx ProfiledCodeHeapSize                     = 122909434                              {pd product} {ergonomic}
    uintx ReservedCodeCacheSize                    = 251658240                              {pd product} {ergonomic}
     bool SegmentedCodeCache                       = true                                      {product} {ergonomic}
     bool ShowCodeDetailsInExceptionMessages       = true                                   {manageable} {command line}
   size_t SoftMaxHeapSize                          = 4278190080                             {manageable} {ergonomic}
     bool UseCompressedClassPointers               = true                                 {lp64_product} {ergonomic}
     bool UseCompressedOops                        = true                                 {lp64_product} {ergonomic}
     bool UseG1GC                                  = true                                      {product} {ergonomic}
     bool UseLargePagesIndividualAllocation        = false                                  {pd product} {ergonomic}

Logging:
Log output configuration:
 #0: stdout all=warning uptime,level,tags
 #1: stderr all=off uptime,level,tags

Environment Variables:
JAVA_HOME=C:\Jdk\zulu8.48.0.53-ca-jdk8.0.265-win_x64\bin
PATH=C:/Users/Dustin/.p2/pool/plugins/org.eclipse.justj.openjdk.hotspot.jre.full.win32.x86_64_15.0.1.v20201027-0507/jre/bin/server;C:/Users/Dustin/.p2/pool/plugins/org.eclipse.justj.openjdk.hotspot.jre.full.win32.x86_64_15.0.1.v20201027-0507/jre/bin;C:\Program Files (x86)\Common Files\Oracle\Java\javapath;C:\Program Files\AdoptOpenJDK\jdk-8.0.242.08-hotspot\bin;C:\Windows\system32;C:\Windows;C:\Windows\System32\Wbem;C:\Windows\System32\WindowsPowerShell\v1.0\;C:\Windows\System32\OpenSSH\;C:\Program Files\NVIDIA Corporation\NVIDIA NvDLISR;C:\Program Files (x86)\NVIDIA Corporation\PhysX\Common;C:\Program Files\Git\cmd;C:\Program Files\Mullvad VPN\resources;C:\Program Files\dotnet\;C:\Go\bin;C:\Program Files\nodejs\;C:\Program Files (x86)\Yarn\bin\;C:\Program Files\Microsoft SQL Server\Client SDK\ODBC\110\Tools\Binn\;C:\Program Files (x86)\Microsoft SQL Server\120\Tools\Binn\;C:\Program Files\Microsoft SQL Server\120\Tools\Binn\;C:\Program Files\Microsoft SQL Server\120\DTS\Binn\;C:\Program Files (x86)\Microsoft SQL Server\120\Tools\Binn\ManagementStudio\;C:\Program Files (x86)\Microsoft SQL Server\120\DTS\Binn\;%SystemRoot%\system32;%SystemRoot%;%SystemRoot%\System32\Wbem;%SYSTEMROOT%\System32\WindowsPowerShell\v1.0\;%SYSTEMROOT%\System32\OpenSSH\;C:\Ruby27-x64\bin;C:\Users\Dustin\AppData\Local\Programs\Python\Python38\Scripts\;C:\Users\Dustin\AppData\Local\Programs\Python\Python38\;C:\Users\Dustin\AppData\Local\Microsoft\WindowsApps;C:\Users\Dustin\AppData\Local\GitHubDesktop\bin;C:\Jdk\zulu8.48.0.53-ca-jdk8.0.265-win_x64\bin\bin;C:\Users\Dustin\AppData\Local\Programs\Microsoft VS Code\bin;C:\Users\Dustin\Desktop\sdfsdf\bin;C:\Python27;C:\Python27\Scripts;C:\Users\Dustin\go\bin;C:\Users\Dustin\AppData\Roaming\npm;C:\Users\Dustin\AppData\Local\Yarn\bin;C:\Users\Dustin\.dotnet\tools;C:\Program Files\JetBrains\PyCharm 2020.3\bin;;C:\Users\Dustin\AppData\Local\Microsoft\WindowsApps;;C:\WINDOWS\system32;
USERNAME=Dustin
OS=Windows_NT
PROCESSOR_IDENTIFIER=AMD64 Family 23 Model 8 Stepping 2, AuthenticAMD



---------------  S Y S T E M  ---------------

OS:
 Windows 10 , 64 bit Build 19041 (10.0.19041.804)
OS uptime: 2 days 5:52 hours
HyperV virtualization detected

CPU: total 12 (initial active 12) (12 cores per cpu, 2 threads per core) family 23 model 8 stepping 2 microcode 0x0, cmov, cx8, fxsr, mmx, sse, sse2, sse3, ssse3, sse4.1, sse4.2, popcnt, vzeroupper, avx, avx2, aes, clmul, 3dnowpref, lzcnt, sse4a, ht, tsc, tscinvbit, tscinv, bmi1, bmi2, adx, sha, fma, clflush, clflushopt

Memory: 4k page, system-wide physical 16313M (3242M free)
TotalPageFile size 65465M (AvailPageFile size 29M)
current process WorkingSet (physical memory assigned to process): 10M, peak: 10M
current process commit charge ("private bytes"): 64M, peak: 320M

vm_info: OpenJDK 64-Bit Server VM (15.0.1+9-18) for windows-amd64 JRE (15.0.1+9-18), built on Sep 15 2020 14:39:31 by "mach5one" with unknown MS VC++:1925

END.
